     1                                  ;Lauren Fowler
     2                                  ;11-5-18
     3                                  ;CSC 322
     4                                  ;Surprise Data Investigator
     5                                  
     6                                  SECTION .data
     7                                  
     8 00000000 200E210F2210231124-     surprise:  db 32, 14, 33, 15, 34, 16, 35, 17, 36, 18, 37, 19, 38, 20, 39, 21, 40, 22, 41, 23
     9 00000009 122513261427152816-
    10 00000012 2917               
    11 00000014 2A182B192C1A2D1B2E-     db 42, 24, 43, 25, 44, 26, 45, 27, 46, 28, 47, 29, 48, 30, 49, 31, 50, 32, 51, 33
    12 0000001D 1C2F1D301E311F3220-
    13 00000026 3321               
    14 00000028 342235233624372538-     db 52, 34, 53, 35, 54, 36, 55, 37, 56, 38, 57, 39, 58, 40, 59, 41, 60, 42, 61, 43
    15 00000031 2639273A283B293C2A-
    16 0000003A 3D2B               
    17 0000003C 3E2C3F2D402E412F42-     db 62, 44, 63, 45, 64, 46, 65, 47, 66, 48, 67, 49, 142, 50, 124, 51, 125, 52, 71, 53
    18 00000045 3043318E327C337D34-
    19 0000004E 4735               
    20 00000050 483689374C384D3965-     db 72, 54, 137, 55, 76, 56, 77, 57, 101, 58, 132, 59, 148, 60, 79, 61, 80, 62, 81, 63
    21 00000059 3A843B943C4F3D503E-
    22 00000062 513F               
    23 00000064 524053415442554356-     db 82, 64, 83, 65, 84, 66, 85, 67, 86, 68, 87, 69, 88, 70, 89, 71, 90, 72, 91, 73
    24 0000006D 445745584659475A48-
    25 00000076 5B49               
    26 00000078 5C4A5D4B5E4C5F4D60-     db 92, 74, 93, 75, 94, 76, 95, 77, 96, 78, 97, 79, 98, 80, 99, 81, 100, 82, 101, 83
    27 00000081 4E614F625063516452-
    28 0000008A 6553               
    29 0000008C 66546755685669576A-     db 102, 84, 103, 85, 104, 86, 105, 87, 106, 88, 107, 89, 108, 90, 109, 91, 110, 92, 111, 93
    30 00000095 586B596C5A6D5B6E5C-
    31 0000009E 6F5D               
    32 000000A0 200E210F2210231124-     db 32, 14, 33, 15, 34, 16, 35, 17, 36, 18, 37, 19, 38, 20, 39, 21, 40, 22, 41, 23
    33 000000A9 122513261427152816-
    34 000000B2 2917               
    35 000000B4 2A182B192C1A2D1B2E-     db 42, 24, 43, 25, 44, 26, 45, 27, 46, 28, 47, 29, 48, 30, 49, 31, 50, 32, 51, 33
    36 000000BD 1C2F1D301E311F3220-
    37 000000C6 3321               
    38 000000C8 342235233624372538-     db 52, 34, 53, 35, 54, 36, 55, 37, 56, 38, 57, 39, 58, 40, 59, 41, 60, 42, 61, 43
    39 000000D1 2639273A283B293C2A-
    40 000000DA 3D2B               
    41 000000DC 3E2C3F2D402E412F42-     db 62, 44, 63, 45, 64, 46, 65, 47, 66, 48, 67, 49, 131, 50, 72, 51, 125, 52, 126, 53
    42 000000E5 304331833248337D34-
    43 000000EE 7E35               
    44 000000F0 7F3649374A384B394C-     db 127, 54, 73, 55, 74, 56, 75, 57, 76, 58, 77, 59, 119, 60, 134, 61, 80, 62, 81, 63
    45 000000F9 3A4D3B773C863D503E-
    46 00000102 513F               
    47 00000104 524053415442554356-     db 82, 64, 83, 65, 84, 66, 85, 67, 86, 68, 87, 69, 88, 70, 89, 71, 90, 72, 91, 73
    48 0000010D 445745584659475A48-
    49 00000116 5B49               
    50 00000118 5C4A5D4B5E4C5F4D60-     db 92, 74, 93, 75, 94, 76, 95, 77, 96, 78, 97, 79, 98, 80, 99, 81, 100, 82, 101, 83
    51 00000121 4E614F625063516452-
    52 0000012A 6553               
    53 0000012C 66546755685669576A-     db 102, 84, 103, 85, 104, 86, 105, 87, 106, 88, 107, 89, 108, 90, 109, 91, 110, 92, 111, 93
    54 00000135 586B596C5A6D5B6E5C-
    55 0000013E 6F5D               
    56 00000140 200E210F2210231124-     db 32, 14, 33, 15, 34, 16, 35, 17, 36, 18, 37, 19, 38, 20, 39, 21, 40, 22, 41, 23
    57 00000149 122513261427152816-
    58 00000152 2917               
    59 00000154 2A182B192C1A2D1B2E-     db 42, 24, 43, 25, 44, 26, 45, 27, 46, 28, 47, 29, 48, 30, 49, 31, 50, 32, 51, 33
    60 0000015D 1C2F1D301E311F3220-
    61 00000166 3321               
    62 00000168 342235233624372538-     db 52, 34, 53, 35, 54, 36, 55, 37, 56, 38, 57, 39, 58, 40, 59, 41, 60, 42, 61, 43
    63 00000171 2639273A283B293C2A-
    64 0000017A 3D2B               
    65 0000017C 3E2C3F2D402E412F42-     db 62, 44, 63, 45, 64, 46, 65, 47, 66, 48, 141, 49, 123, 50, 124, 51, 125, 52, 126, 53
    66 00000185 308D317B327C337D34-
    67 0000018E 7E35               
    68 00000190 7F3649374A384B394C-     db 127, 54, 73, 55, 74, 56, 75, 57, 76, 58, 77, 59, 119, 60, 134, 61, 80, 62, 81, 63
    69 00000199 3A4D3B773C863D503E-
    70 000001A2 513F               
    71 000001A4 524053415442554356-     db 82, 64, 83, 65, 84, 66, 85, 67, 86, 68, 87, 69, 88, 70, 89, 71, 90, 72, 91, 73
    72 000001AD 445745584659475A48-
    73 000001B6 5B49               
    74 000001B8 5C4A5D4B5E4C5F4D60-     db 92, 74, 93, 75, 94, 76, 95, 77, 96, 78, 97, 79, 98, 80, 99, 81, 100, 82, 101, 83
    75 000001C1 4E614F625063516452-
    76 000001CA 6553               
    77 000001CC 66546755685669576A-     db 102, 84, 103, 85, 104, 86, 105, 87, 106, 88, 107, 89, 108, 90, 109, 91, 110, 92, 111, 93
    78 000001D5 586B596C5A6D5B6E5C-
    79 000001DE 6F5D               
    80 000001E0 200E210F2210231124-     db 32, 14, 33, 15, 34, 16, 35, 17, 36, 18, 37, 19, 38, 20, 39, 21, 40, 22, 41, 23
    81 000001E9 122513261427152816-
    82 000001F2 2917               
    83 000001F4 2A182B192C1A2D1B2E-     db 42, 24, 43, 25, 44, 26, 45, 27, 46, 28, 47, 29, 48, 30, 49, 31, 50, 32, 51, 33
    84 000001FD 1C2F1D301E311F3220-
    85 00000206 3321               
    86 00000208 342235233624372538-     db 52, 34, 53, 35, 54, 36, 55, 37, 56, 38, 57, 39, 58, 40, 122, 41, 123, 42, 73, 43
    87 00000211 2639273A287A297B2A-
    88 0000021A 492B               
    89 0000021C 972C982D992E9A2F9B-     db 151, 44, 152, 45, 153, 46, 154, 47, 155, 48, 122, 49, 123, 50, 124, 51, 125, 52, 126, 53
    90 00000225 307A317B327C337D34-
    91 0000022E 7E35               
    92 00000230 483649374A384B394C-     db 72, 54, 73, 55, 74, 56, 75, 57, 76, 58, 118, 59, 133, 60, 168, 61, 169, 62, 170, 63
    93 00000239 3A763B853CA83DA93E-
    94 00000242 AA3F               
    95 00000244 AB4092419342944356-     db 171, 64, 146, 65, 147, 66, 148, 67, 86, 68, 87, 69, 88, 70, 89, 71, 90, 72, 91, 73
    96 0000024D 445745584659475A48-
    97 00000256 5B49               
    98 00000258 5C4A5D4B5E4C5F4D60-     db 92, 74, 93, 75, 94, 76, 95, 77, 96, 78, 97, 79, 98, 80, 99, 81, 100, 82, 101, 83
    99 00000261 4E614F625063516452-
   100 0000026A 6553               
   101 0000026C 66546755685669576A-     db 102, 84, 103, 85, 104, 86, 105, 87, 106, 88, 107, 89, 108, 90, 109, 91, 110, 92, 111, 93
   102 00000275 586B596C5A6D5B6E5C-
   103 0000027E 6F5D               
   104 00000280 200E210F2210231124-     db 32, 14, 33, 15, 34, 16, 35, 17, 36, 18, 37, 19, 38, 20, 39, 21, 40, 22, 41, 23
   105 00000289 122513261427152816-
   106 00000292 2917               
   107 00000294 2A182B192C1A2D1B2E-     db 42, 24, 43, 25, 44, 26, 45, 27, 46, 28, 47, 29, 48, 30, 49, 31, 50, 32, 51, 33
   108 0000029D 1C2F1D301E311F3220-
   109 000002A6 3321               
   110 000002A8 342235237524812591-     db 52, 34, 53, 35, 117, 36, 129, 37, 145, 38, 112, 39, 113, 40, 107, 41, 62, 42, 123, 43
   111 000002B1 26702771286B293E2A-
   112 000002BA 7B2B               
   113 000002BC 7E2C7F2D422E812F50-     db 126, 44, 127, 45, 66, 46, 129, 47, 80, 48, 102, 49, 70, 50, 94, 51, 80, 52, 83, 53
   114 000002C5 30663146325E335034-
   115 000002CE 5335               
   116 000002D0 723649378938593999-     db 114, 54, 73, 55, 137, 56, 89, 57, 153, 58, 158, 59, 114, 60, 105, 61, 142, 62, 143, 63
   117 000002D9 3A9E3B723C693D8E3E-
   118 000002E2 8F3F               
   119 000002E4 54408A418B428C438D-     db 84, 64, 138, 65, 139, 66, 140, 67, 141, 68, 142, 69, 143, 70, 138, 71, 161, 72, 154, 73
   120 000002ED 448E458F468A47A148-
   121 000002F6 9A49               
   122 000002F8 9B4A5D4B5E4C5F4D60-     db 155, 74, 93, 75, 94, 76, 95, 77, 96, 78, 97, 79, 98, 80, 99, 81, 100, 82, 101, 83
   123 00000301 4E614F625063516452-
   124 0000030A 6553               
   125 0000030C 66546755685669576A-     db 102, 84, 103, 85, 104, 86, 105, 87, 106, 88, 107, 89, 108, 90, 109, 91, 110, 92, 111, 93
   126 00000315 586B596C5A6D5B6E5C-
   127 0000031E 6F5D               
   128 00000320 200E210F2210231124-     db 32, 14, 33, 15, 34, 16, 35, 17, 36, 18, 37, 19, 38, 20, 39, 21, 40, 22, 41, 23
   129 00000329 122513261427152816-
   130 00000332 2917               
   131 00000334 2A182B192C1A2D1B2E-     db 42, 24, 43, 25, 44, 26, 45, 27, 46, 28, 47, 29, 48, 30, 49, 31, 50, 32, 51, 33
   132 0000033D 1C2F1D301E311F3220-
   133 00000346 3321               
   134 00000348 7E227C236D24392576-     db 126, 34, 124, 35, 109, 36, 57, 37, 118, 38, 71, 39, 93, 40, 74, 41, 62, 42, 61, 43
   135 00000351 2647275D284A293E2A-
   136 0000035A 3D2B               
   137 0000035C 3E2C3F2D402E4F2F65-     db 62, 44, 63, 45, 64, 46, 79, 47, 101, 48, 74, 49, 68, 50, 69, 51, 70, 52, 71, 53
   138 00000365 304A31443245334634-
   139 0000036E 4735               
   140 00000370 483672374A384B394C-     db 72, 54, 114, 55, 74, 56, 75, 57, 76, 58, 77, 59, 142, 60, 115, 61, 94, 62, 81, 63
   141 00000379 3A4D3B8E3C733D5E3E-
   142 00000382 513F               
   143 00000384 52405341544255435D-     db 82, 64, 83, 65, 84, 66, 85, 67, 93, 68, 123, 69, 102, 70, 152, 71, 92, 72, 146, 73
   144 0000038D 447B45664698475C48-
   145 00000396 9249               
   146 00000398 8D4AA44B9D4C5F4D60-     db 141, 74, 164, 75, 157, 76, 95, 77, 96, 78, 97, 79, 98, 80, 99, 81, 100, 82, 101, 83
   147 000003A1 4E614F625063516452-
   148 000003AA 6553               
   149 000003AC 66546755685669576A-     db 102, 84, 103, 85, 104, 86, 105, 87, 106, 88, 107, 89, 108, 90, 109, 91, 110, 92, 111, 93
   150 000003B5 586B596C5A6D5B6E5C-
   151 000003BE 6F5D               
   152 000003C0 200E210F2210231124-     db 32, 14, 33, 15, 34, 16, 35, 17, 36, 18, 37, 19, 38, 20, 39, 21, 40, 22, 41, 23
   153 000003C9 122513261427152816-
   154 000003D2 2917               
   155 000003D4 2A182B192C1A2D1B2E-     db 42, 24, 43, 25, 44, 26, 45, 27, 46, 28, 47, 29, 48, 30, 49, 31, 124, 32, 106, 33
   156 000003DD 1C2F1D301E311F7C20-
   157 000003E6 6A21               
   158 000003E8 64227523362445255B-     db 100, 34, 117, 35, 54, 36, 69, 37, 91, 38, 59, 39, 58, 40, 59, 41, 60, 42, 61, 43
   159 000003F1 263B273A283B293C2A-
   160 000003FA 3D2B               
   161 000003FC 3E2C3F2D402E642F49-     db 62, 44, 63, 45, 64, 46, 100, 47, 73, 48, 67, 49, 68, 50, 69, 51, 70, 52, 71, 53
   162 00000405 304331443245334634-
   163 0000040E 4735               
   164 00000410 483672374A384B394C-     db 72, 54, 114, 55, 74, 56, 75, 57, 76, 58, 77, 59, 78, 60, 143, 61, 116, 62, 95, 63
   165 00000419 3A4D3B4E3C8F3D743E-
   166 00000422 5F3F               
   167 00000424 914053415442554356-     db 145, 64, 83, 65, 84, 66, 85, 67, 86, 68, 87, 69, 152, 70, 125, 71, 104, 72, 154, 73
   168 0000042D 44574598467D476848-
   169 00000436 9A49               
   170 00000438 5C4A5F4B8F4CA64D9F-     db 92, 74, 95, 75, 143, 76, 166, 77, 159, 78, 97, 79, 98, 80, 99, 81, 100, 82, 101, 83
   171 00000441 4E614F625063516452-
   172 0000044A 6553               
   173 0000044C 66546755685669576A-     db 102, 84, 103, 85, 104, 86, 105, 87, 106, 88, 107, 89, 108, 90, 109, 91, 110, 92, 111, 93
   174 00000455 586B596C5A6D5B6E5C-
   175 0000045E 6F5D               
   176 00000460 200E210F2210231124-     db 32, 14, 33, 15, 34, 16, 35, 17, 36, 18, 37, 19, 38, 20, 39, 21, 40, 22, 41, 23
   177 00000469 122513261427152816-
   178 00000472 2917               
   179 00000474 2A182B192C1A2D1B2E-     db 42, 24, 43, 25, 44, 26, 45, 27, 46, 28, 47, 29, 122, 30, 98, 31, 98, 32, 115, 33
   180 0000047D 1C2F1D7A1E621F6220-
   181 00000486 7321               
   182 00000488 3422352344245A2538-     db 52, 34, 53, 35, 68, 36, 90, 37, 56, 38, 57, 39, 58, 40, 59, 41, 72, 42, 129, 43
   183 00000491 2639273A283B29482A-
   184 0000049A 812B               
   185 0000049C 7C2C7D2D822E4F2F81-     db 124, 44, 125, 45, 130, 46, 79, 47, 129, 48, 67, 49, 68, 50, 69, 51, 70, 52, 71, 53
   186 000004A5 304331443245334634-
   187 000004AE 4735               
   188 000004B0 483672374A384B394C-     db 72, 54, 114, 55, 74, 56, 75, 57, 76, 58, 77, 59, 78, 60, 79, 61, 143, 62, 95, 63
   189 000004B9 3A4D3B4E3C4F3D8F3E-
   190 000004C2 5F3F               
   191 000004C4 964091419242974364-     db 150, 64, 145, 65, 146, 66, 151, 67, 100, 68, 87, 69, 88, 70, 89, 71, 154, 72, 127, 73
   192 000004CD 445745584659479A48-
   193 000004D6 7F49               
   194 000004D8 6A4A9C4B5E4C614D91-     db 106, 74, 156, 75, 94, 76, 97, 77, 145, 78, 168, 79, 98, 80, 99, 81, 100, 82, 101, 83
   195 000004E1 4EA84F625063516452-
   196 000004EA 6553               
   197 000004EC 66546755685669576A-     db 102, 84, 103, 85, 104, 86, 105, 87, 106, 88, 107, 89, 108, 90, 109, 91, 110, 92, 111, 93
   198 000004F5 586B596C5A6D5B6E5C-
   199 000004FE 6F5D               
   200 00000500 200E210F2210231124-     db 32, 14, 33, 15, 34, 16, 35, 17, 36, 18, 37, 19, 38, 20, 39, 21, 40, 22, 41, 23
   201 00000509 122513261427152816-
   202 00000512 2917               
   203 00000514 2A182B192C1A2D1B2E-     db 42, 24, 43, 25, 44, 26, 45, 27, 46, 28, 121, 29, 97, 30, 111, 31, 50, 32, 51, 33
   204 0000051D 1C791D611E6F1F3220-
   205 00000526 3321               
   206 00000528 422258233824372538-     db 66, 34, 88, 35, 56, 36, 55, 37, 56, 38, 57, 39, 73, 40, 123, 41, 60, 42, 61, 43
   207 00000531 26392749287B293C2A-
   208 0000053A 3D2B               
   209 0000053C 3E2C4D2D4B2E432F42-     db 62, 44, 77, 45, 75, 46, 67, 47, 66, 48, 127, 49, 68, 50, 69, 51, 70, 52, 71, 53
   210 00000545 307F31443245334634-
   211 0000054E 4735               
   212 00000550 483672374A384B394C-     db 72, 54, 114, 55, 74, 56, 75, 57, 76, 58, 77, 59, 78, 60, 94, 61, 80, 62, 83, 63
   213 00000559 3A4D3B4E3C5E3D503E-
   214 00000562 533F               
   215 00000564 5D4061415442554356-     db 93, 64, 97, 65, 84, 66, 85, 67, 86, 68, 151, 69, 148, 70, 89, 71, 90, 72, 91, 73
   216 0000056D 449745944659475A48-
   217 00000576 5B49               
   218 00000578 9C4A814B6C4C5F4D60-     db 156, 74, 129, 75, 108, 76, 95, 77, 96, 78, 153, 79, 147, 80, 99, 81, 100, 82, 101, 83
   219 00000581 4E994F935063516452-
   220 0000058A 6553               
   221 0000058C 66546755685669576A-     db 102, 84, 103, 85, 104, 86, 105, 87, 106, 88, 107, 89, 108, 90, 109, 91, 110, 92, 111, 93
   222 00000595 586B596C5A6D5B6E5C-
   223 0000059E 6F5D               
   224 000005A0 200E210F2210231124-     db 32, 14, 33, 15, 34, 16, 35, 17, 36, 18, 37, 19, 38, 20, 39, 21, 40, 22, 41, 23
   225 000005A9 122513261427152816-
   226 000005B2 2917               
   227 000005B4 2A182B192C1A2D1B78-     db 42, 24, 43, 25, 44, 26, 45, 27, 120, 28, 96, 29, 55, 30, 49, 31, 50, 32, 65, 33
   228 000005BD 1C601D371E311F3220-
   229 000005C6 4121               
   230 000005C8 57223C233624372538-     db 87, 34, 60, 35, 54, 36, 55, 37, 56, 38, 149, 39, 122, 40, 59, 41, 60, 42, 75, 43
   231 000005D1 2695277A283B293C2A-
   232 000005DA 4B2B               
   233 000005DC 402C3F2D402E412F42-     db 64, 44, 63, 45, 64, 46, 65, 47, 66, 48, 76, 49, 68, 50, 69, 51, 70, 52, 71, 53
   234 000005E5 304C31443245334634-
   235 000005EE 4735               
   236 000005F0 873672374A384B394C-     db 135, 54, 114, 55, 74, 56, 75, 57, 76, 58, 77, 59, 86, 60, 79, 61, 80, 62, 81, 63
   237 000005F9 3A4D3B563C4F3D503E-
   238 00000602 513F               
   239 00000604 524053415642634356-     db 82, 64, 83, 65, 86, 66, 99, 67, 86, 68, 87, 69, 180, 70, 89, 71, 90, 72, 91, 73
   240 0000060D 445745B44659475A48-
   241 00000616 5B49               
   242 00000618 5C4A9D4B824C6D4D60-     db 92, 74, 157, 75, 130, 76, 109, 77, 96, 78, 97, 79, 118, 80, 102, 81, 100, 82, 101, 83
   243 00000621 4E614F765066516452-
   244 0000062A 6553               
   245 0000062C 66546755685669576A-     db 102, 84, 103, 85, 104, 86, 105, 87, 106, 88, 107, 89, 108, 90, 109, 91, 110, 92, 111, 93
   246 00000635 586B596C5A6D5B6E5C-
   247 0000063E 6F5D               
   248 00000640 200E210F2210231124-     db 32, 14, 33, 15, 34, 16, 35, 17, 36, 18, 37, 19, 38, 20, 39, 21, 40, 22, 41, 23
   249 00000649 122513261427152816-
   250 00000652 2917               
   251 00000654 2A182B192C1A2D1B5F-     db 42, 24, 43, 25, 44, 26, 45, 27, 95, 28, 117, 29, 48, 30, 49, 31, 64, 32, 86, 33
   252 0000065D 1C751D301E311F4020-
   253 00000666 5621               
   254 00000668 342235233624372538-     db 52, 34, 53, 35, 54, 36, 55, 37, 56, 38, 65, 39, 58, 40, 59, 41, 60, 42, 69, 43
   255 00000671 2641273A283B293C2A-
   256 0000067A 452B               
   257 0000067C 3E2C3F2D402E412F51-     db 62, 44, 63, 45, 64, 46, 65, 47, 81, 48, 67, 49, 68, 50, 69, 51, 70, 52, 86, 53
   258 00000685 304331443245334634-
   259 0000068E 5635               
   260 00000690 4836583786384B394C-     db 72, 54, 88, 55, 134, 56, 75, 57, 76, 58, 77, 59, 78, 60, 139, 61, 80, 62, 81, 63
   261 00000699 3A4D3B4E3C8B3D503E-
   262 000006A2 513F               
   263 000006A4 5240534154425E4356-     db 82, 64, 83, 65, 84, 66, 94, 67, 86, 68, 87, 69, 97, 70, 89, 71, 90, 72, 91, 73
   264 000006AD 445745614659475A48-
   265 000006B6 5B49               
   266 000006B8 5C4A5D4B9E4C834D6E-     db 92, 74, 93, 75, 158, 76, 131, 77, 110, 78, 97, 79, 98, 80, 148, 81, 171, 82, 101, 83
   267 000006C1 4E614F62509451AB52-
   268 000006CA 6553               
   269 000006CC 66546755685669576A-     db 102, 84, 103, 85, 104, 86, 105, 87, 106, 88, 107, 89, 108, 90, 109, 91, 110, 92, 111, 93
   270 000006D5 586B596C5A6D5B6E5C-
   271 000006DE 6F5D               
   272 000006E0 200E210F2210231124-     db 32, 14, 33, 15, 34, 16, 35, 17, 36, 18, 37, 19, 38, 20, 39, 21, 40, 22, 41, 23
   273 000006E9 122513261427152816-
   274 000006F2 2917               
   275 000006F4 2A182B192C1A771B65-     db 42, 24, 43, 25, 44, 26, 119, 27, 101, 28, 47, 29, 48, 30, 49, 31, 85, 32, 58, 33
   276 000006FD 1C2F1D301E311F5520-
   277 00000706 3A21               
   278 00000708 342235233624372538-     db 52, 34, 53, 35, 54, 36, 55, 37, 56, 38, 57, 39, 118, 40, 122, 41, 123, 42, 121, 43
   279 00000711 26392776287A297B2A-
   280 0000071A 792B               
   281 0000071C 7D2C4D2D4B2E482F42-     db 125, 44, 77, 45, 75, 46, 72, 47, 66, 48, 67, 49, 68, 50, 69, 51, 85, 52, 71, 53
   282 00000725 304331443245335534-
   283 0000072E 4735               
   284 00000730 573649374A3887394C-     db 87, 54, 73, 55, 74, 56, 135, 57, 76, 58, 77, 59, 78, 60, 79, 61, 144, 62, 92, 63
   285 00000739 3A4D3B4E3C4F3D903E-
   286 00000742 5C3F               
   287 00000744 604092416342944395-     db 96, 64, 146, 65, 99, 66, 148, 67, 149, 68, 102, 69, 88, 70, 89, 71, 90, 72, 91, 73
   288 0000074D 446645584659475A48-
   289 00000756 5B49               
   290 00000758 5C4A5D4B5E4C9F4D84-     db 92, 74, 93, 75, 94, 76, 159, 77, 132, 78, 97, 79, 98, 80, 173, 81, 149, 82, 101, 83
   291 00000761 4E614F6250AD519552-
   292 0000076A 6553               
   293 0000076C 66546755685669576A-     db 102, 84, 103, 85, 104, 86, 105, 87, 106, 88, 107, 89, 108, 90, 109, 91, 110, 92, 111, 93
   294 00000775 586B596C5A6D5B6E5C-
   295 0000077E 6F5D               
   296 00000780 200E210F2210231124-     db 32, 14, 33, 15, 34, 16, 35, 17, 36, 18, 37, 19, 38, 20, 39, 21, 40, 22, 41, 23
   297 00000789 122513261427152816-
   298 00000792 2917               
   299 00000794 2A182B192C1A5E1B74-     db 42, 24, 43, 25, 44, 26, 94, 27, 116, 28, 47, 29, 48, 30, 49, 31, 85, 32, 51, 33
   300 0000079D 1C2F1D301E311F5520-
   301 000007A6 3321               
   302 000007A8 342235233624372538-     db 52, 34, 53, 35, 54, 36, 55, 37, 56, 38, 57, 39, 58, 40, 59, 41, 95, 42, 61, 43
   303 000007B1 2639273A283B295F2A-
   304 000007BA 3D2B               
   305 000007BC 3E2C3F2D402E412F42-     db 62, 44, 63, 45, 64, 46, 65, 47, 66, 48, 67, 49, 68, 50, 84, 51, 133, 52, 86, 53
   306 000007C5 304331443254338534-
   307 000007CE 5635               
   308 000007D0 483649374A384B3988-     db 72, 54, 73, 55, 74, 56, 75, 57, 136, 58, 77, 59, 78, 60, 79, 61, 80, 62, 81, 63
   309 000007D9 3A4D3B4E3C4F3D503E-
   310 000007E2 513F               
   311 000007E4 52405341544255437A-     db 82, 64, 83, 65, 84, 66, 85, 67, 122, 68, 87, 69, 88, 70, 89, 71, 90, 72, 91, 73
   312 000007ED 445745584659475A48-
   313 000007F6 5B49               
   314 000007F8 5C4A5D4B5E4C5F4D84-     db 92, 74, 93, 75, 94, 76, 95, 77, 132, 78, 97, 79, 98, 80, 99, 81, 149, 82, 176, 83
   315 00000801 4E614F625063519552-
   316 0000080A B053               
   317 0000080C 66546755685669576A-     db 102, 84, 103, 85, 104, 86, 105, 87, 106, 88, 107, 89, 108, 90, 109, 91, 110, 92, 111, 93
   318 00000815 586B596C5A6D5B6E5C-
   319 0000081E 6F5D               
   320 00000820 200E210F2210231124-     db 32, 14, 33, 15, 34, 16, 35, 17, 36, 18, 37, 19, 38, 20, 39, 21, 40, 22, 41, 23
   321 00000829 122513261427152816-
   322 00000832 2917               
   323 00000834 2A182B192C1A5E1B74-     db 42, 24, 43, 25, 44, 26, 94, 27, 116, 28, 47, 29, 48, 30, 49, 31, 85, 32, 51, 33
   324 0000083D 1C2F1D301E311F5520-
   325 00000846 3321               
   326 00000848 342235233624372538-     db 52, 34, 53, 35, 54, 36, 55, 37, 56, 38, 120, 39, 58, 40, 59, 41, 95, 42, 61, 43
   327 00000851 2678273A283B295F2A-
   328 0000085A 3D2B               
   329 0000085C 3E2C3F2D402E412F42-     db 62, 44, 63, 45, 64, 46, 65, 47, 66, 48, 67, 49, 68, 50, 129, 51, 133, 52, 131, 53
   330 00000865 304331443281338534-
   331 0000086E 8335               
   332 00000870 8736883789388A395B-     db 135, 54, 136, 55, 137, 56, 138, 57, 91, 58, 77, 59, 78, 60, 79, 61, 80, 62, 81, 63
   333 00000879 3A4D3B4E3C4F3D503E-
   334 00000882 513F               
   335 00000884 52405341544255437A-     db 82, 64, 83, 65, 84, 66, 85, 67, 122, 68, 87, 69, 88, 70, 152, 71, 90, 72, 91, 73
   336 0000088D 445745584698475A48-
   337 00000896 5B49               
   338 00000898 5C4A5D4B5E4C5F4D84-     db 92, 74, 93, 75, 94, 76, 95, 77, 132, 78, 97, 79, 98, 80, 99, 81, 149, 82, 139, 83
   339 000008A1 4E614F625063519552-
   340 000008AA 8B53               
   341 000008AC 66546755685669576A-     db 102, 84, 103, 85, 104, 86, 105, 87, 106, 88, 107, 89, 108, 90, 109, 91, 110, 92, 111, 93
   342 000008B5 586B596C5A6D5B6E5C-
   343 000008BE 6F5D               
   344 000008C0 200E210F2210231124-     db 32, 14, 33, 15, 34, 16, 35, 17, 36, 18, 37, 19, 38, 20, 39, 21, 40, 22, 41, 23
   345 000008C9 122513261427152816-
   346 000008D2 2917               
   347 000008D4 2A182B192C1A5E1B5A-     db 42, 24, 43, 25, 44, 26, 94, 27, 90, 28, 47, 29, 48, 30, 49, 31, 85, 32, 51, 33
   348 000008DD 1C2F1D301E311F5520-
   349 000008E6 3321               
   350 000008E8 342235233624372538-     db 52, 34, 53, 35, 54, 36, 55, 37, 56, 38, 117, 39, 122, 40, 70, 41, 74, 42, 124, 43
   351 000008F1 2675277A2846294A2A-
   352 000008FA 7C2B               
   353 000008FC 7D2C3F2D402E412F42-     db 125, 44, 63, 45, 64, 46, 65, 47, 66, 48, 67, 49, 131, 50, 132, 51, 133, 52, 134, 53
   354 00000905 304331833284338534-
   355 0000090E 8635               
   356 00000910 8736883789384B394C-     db 135, 54, 136, 55, 137, 56, 75, 57, 76, 58, 77, 59, 78, 60, 79, 61, 143, 62, 144, 63
   357 00000919 3A4D3B4E3C4F3D8F3E-
   358 00000922 903F               
   359 00000924 914092419342944364-     db 145, 64, 146, 65, 147, 66, 148, 67, 100, 68, 98, 69, 95, 70, 104, 71, 90, 72, 91, 73
   360 0000092D 4462455F4668475A48-
   361 00000936 5B49               
   362 00000938 5C4A5D4B5E4C5F4D84-     db 92, 74, 93, 75, 94, 76, 95, 77, 132, 78, 97, 79, 98, 80, 99, 81, 149, 82, 139, 83
   363 00000941 4E614F625063519552-
   364 0000094A 8B53               
   365 0000094C 66546755685669576A-     db 102, 84, 103, 85, 104, 86, 105, 87, 106, 88, 107, 89, 108, 90, 109, 91, 110, 92, 111, 93
   366 00000955 586B596C5A6D5B6E5C-
   367 0000095E 6F5D               
   368 00000960 200E210F2210231124-     db 32, 14, 33, 15, 34, 16, 35, 17, 36, 18, 37, 19, 38, 20, 39, 21, 40, 22, 41, 23
   369 00000969 122513261427152816-
   370 00000972 2917               
   371 00000974 2A182B192C1A4F1B34-     db 42, 24, 43, 25, 44, 26, 79, 27, 52, 28, 47, 29, 48, 30, 49, 31, 85, 32, 65, 33
   372 0000097D 1C2F1D301E311F5520-
   373 00000986 4121               
   374 00000988 342235233624372538-     db 52, 34, 53, 35, 54, 36, 55, 37, 56, 38, 57, 39, 118, 40, 59, 41, 60, 42, 61, 43
   375 00000991 26392776283B293C2A-
   376 0000099A 3D2B               
   377 0000099C 7A2C9B2D402E412F42-     db 122, 44, 155, 45, 64, 46, 65, 47, 66, 48, 67, 49, 160, 50, 161, 51, 70, 52, 71, 53
   378 000009A5 304331A032A1334634-
   379 000009AE 4735               
   380 000009B0 483649374A38A7394C-     db 72, 54, 73, 55, 74, 56, 167, 57, 76, 58, 77, 59, 78, 60, 79, 61, 172, 62, 173, 63
   381 000009B9 3A4D3B4E3C4F3DAC3E-
   382 000009C2 AD3F               
   383 000009C4 524053415442554356-     db 82, 64, 83, 65, 84, 66, 85, 67, 86, 68, 87, 69, 103, 70, 89, 71, 90, 72, 91, 73
   384 000009CD 445745674659475A48-
   385 000009D6 5B49               
   386 000009D8 5C4A5D4B5E4C5F4D84-     db 92, 74, 93, 75, 94, 76, 95, 77, 132, 78, 97, 79, 98, 80, 99, 81, 149, 82, 171, 83
   387 000009E1 4E614F625063519552-
   388 000009EA AB53               
   389 000009EC 66546755685669576A-     db 102, 84, 103, 85, 104, 86, 105, 87, 106, 88, 107, 89, 108, 90, 109, 91, 110, 92, 111, 93
   390 000009F5 586B596C5A6D5B6E5C-
   391 000009FE 6F5D               
   392 00000A00 200E210F2210231124-     db 32, 14, 33, 15, 34, 16, 35, 17, 36, 18, 37, 19, 38, 20, 39, 21, 40, 22, 41, 23
   393 00000A09 122513261427152816-
   394 00000A12 2917               
   395 00000A14 2A182B192C1A771B5F-     db 42, 24, 43, 25, 44, 26, 119, 27, 95, 28, 47, 29, 48, 30, 49, 31, 114, 32, 86, 33
   396 00000A1D 1C2F1D301E311F7220-
   397 00000A26 5621               
   398 00000A28 422235233624372538-     db 66, 34, 53, 35, 54, 36, 55, 37, 56, 38, 57, 39, 58, 40, 119, 41, 60, 42, 61, 43
   399 00000A31 2639273A2877293C2A-
   400 00000A3A 3D2B               
   401 00000A3C 3E2C9B2D7F2E802F81-     db 62, 44, 155, 45, 127, 46, 128, 47, 129, 48, 130, 49, 160, 50, 84, 51, 70, 52, 71, 53
   402 00000A45 308231A03254334634-
   403 00000A4E 4735               
   404 00000A50 483649374A38A7398B-     db 72, 54, 73, 55, 74, 56, 167, 57, 139, 58, 140, 59, 141, 60, 142, 61, 172, 62, 96, 63
   405 00000A59 3A8C3B8D3C8E3DAC3E-
   406 00000A62 603F               
   407 00000A64 914092415442554356-     db 145, 64, 146, 65, 84, 66, 85, 67, 86, 68, 102, 69, 88, 70, 89, 71, 90, 72, 91, 73
   408 00000A6D 446645584659475A48-
   409 00000A76 5B49               
   410 00000A78 5C4A5D4B6C4C834D67-     db 92, 74, 93, 75, 108, 76, 131, 77, 103, 78, 97, 79, 98, 80, 99, 81, 174, 82, 156, 83
   411 00000A81 4E614F62506351AE52-
   412 00000A8A 9C53               
   413 00000A8C 66546755685669576A-     db 102, 84, 103, 85, 104, 86, 105, 87, 106, 88, 107, 89, 108, 90, 109, 91, 110, 92, 111, 93
   414 00000A95 586B596C5A6D5B6E5C-
   415 00000A9E 6F5D               
   416 00000AA0 200E210F2210231124-     db 32, 14, 33, 15, 34, 16, 35, 17, 36, 18, 37, 19, 38, 20, 39, 21, 40, 22, 41, 23
   417 00000AA9 122513261427152816-
   418 00000AB2 2917               
   419 00000AB4 2A182B192C1A2D1B62-     db 42, 24, 43, 25, 44, 26, 45, 27, 98, 28, 96, 29, 48, 30, 49, 31, 50, 32, 115, 33
   420 00000ABD 1C601D301E311F3220-
   421 00000AC6 7321               
   422 00000AC8 572243233624372538-     db 87, 34, 67, 35, 54, 36, 55, 37, 56, 38, 57, 39, 58, 40, 59, 41, 120, 42, 75, 43
   423 00000AD1 2639273A283B29782A-
   424 00000ADA 4B2B               
   425 00000ADC 7D2C3F2D402E412F82-     db 125, 44, 63, 45, 64, 46, 65, 47, 130, 48, 78, 49, 82, 50, 132, 51, 133, 52, 134, 53
   426 00000AE5 304E31523284338534-
   427 00000AEE 8635               
   428 00000AF0 8736883789388A398B-     db 135, 54, 136, 55, 137, 56, 138, 57, 139, 58, 140, 59, 141, 60, 94, 61, 143, 62, 144, 63
   429 00000AF9 3A8C3B8D3C5E3D8F3E-
   430 00000B02 903F               
   431 00000B04 91406241B042944365-     db 145, 64, 98, 65, 176, 66, 148, 67, 101, 68, 87, 69, 88, 70, 89, 71, 90, 72, 91, 73
   432 00000B0D 445745584659475A48-
   433 00000B16 5B49               
   434 00000B18 5C4A6B4B824C664D60-     db 92, 74, 107, 75, 130, 76, 102, 77, 96, 78, 97, 79, 98, 80, 173, 81, 149, 82, 165, 83
   435 00000B21 4E614F6250AD519552-
   436 00000B2A A553               
   437 00000B2C 66546755685669576A-     db 102, 84, 103, 85, 104, 86, 105, 87, 106, 88, 107, 89, 108, 90, 109, 91, 110, 92, 111, 93
   438 00000B35 586B596C5A6D5B6E5C-
   439 00000B3E 6F5D               
   440 00000B40 200E210F2210231124-     db 32, 14, 33, 15, 34, 16, 35, 17, 36, 18, 37, 19, 38, 20, 39, 21, 40, 22, 41, 23
   441 00000B49 122513261427152816-
   442 00000B52 2917               
   443 00000B54 2A182B192C1A2D1B2E-     db 42, 24, 43, 25, 44, 26, 45, 27, 46, 28, 72, 29, 97, 30, 49, 31, 50, 32, 51, 33
   444 00000B5D 1C481D611E311F3220-
   445 00000B66 3321               
   446 00000B68 742258234424372538-     db 116, 34, 88, 35, 68, 36, 55, 37, 56, 38, 57, 39, 58, 40, 59, 41, 60, 42, 96, 43
   447 00000B71 2639273A283B293C2A-
   448 00000B7A 602B               
   449 00000B7C 4C2C7F2D4B2E4F2F81-     db 76, 44, 127, 45, 75, 46, 79, 47, 129, 48, 67, 49, 68, 50, 69, 51, 70, 52, 71, 53
   450 00000B85 304331443245334634-
   451 00000B8E 4735               
   452 00000B90 483649374A384B394C-     db 72, 54, 73, 55, 74, 56, 75, 57, 76, 58, 77, 59, 170, 60, 79, 61, 80, 62, 81, 63
   453 00000B99 3A4D3BAA3C4F3D503E-
   454 00000BA2 513F               
   455 00000BA4 AE406241624279435D-     db 174, 64, 98, 65, 98, 66, 121, 67, 93, 68, 87, 69, 88, 70, 89, 71, 90, 72, 91, 73
   456 00000BAD 445745584659475A48-
   457 00000BB6 5B49               
   458 00000BB8 6A4A814B654C5F4D60-     db 106, 74, 129, 75, 101, 76, 95, 77, 96, 78, 97, 79, 172, 80, 148, 81, 107, 82, 101, 83
   459 00000BC1 4E614FAC5094516B52-
   460 00000BCA 6553               
   461 00000BCC 66546755685669576A-     db 102, 84, 103, 85, 104, 86, 105, 87, 106, 88, 107, 89, 108, 90, 109, 91, 110, 92, 111, 93
   462 00000BD5 586B596C5A6D5B6E5C-
   463 00000BDE 6F5D               
   464 00000BE0 200E210F2210231124-     db 32, 14, 33, 15, 34, 16, 35, 17, 36, 18, 37, 19, 38, 20, 39, 21, 40, 22, 41, 23
   465 00000BE9 122513261427152816-
   466 00000BF2 2917               
   467 00000BF4 2A182B192C1A2D1B2E-     db 42, 24, 43, 25, 44, 26, 45, 27, 46, 28, 47, 29, 50, 30, 98, 31, 121, 32, 51, 33
   468 00000BFD 1C2F1D321E621F7920-
   469 00000C06 3321               
   470 00000C08 342275235924452538-     db 52, 34, 117, 35, 89, 36, 69, 37, 56, 38, 57, 39, 58, 40, 59, 41, 60, 42, 125, 43
   471 00000C11 2639273A283B293C2A-
   472 00000C1A 7D2B               
   473 00000C1C 612C4D2D402E412F42-     db 97, 44, 77, 45, 64, 46, 65, 47, 66, 48, 131, 49, 70, 50, 80, 51, 83, 52, 84, 53
   474 00000C25 308331463250335334-
   475 00000C2E 5435               
   476 00000C30 553656375738583959-     db 85, 54, 86, 55, 87, 56, 88, 57, 89, 58, 84, 59, 78, 60, 79, 61, 80, 62, 88, 63
   477 00000C39 3A543B4E3C4F3D503E-
   478 00000C42 583F               
   479 00000C44 5240614178425C4356-     db 82, 64, 97, 65, 120, 66, 92, 67, 86, 68, 87, 69, 88, 70, 89, 71, 90, 72, 105, 73
   480 00000C4D 445745584659475A48-
   481 00000C56 6949               
   482 00000C58 804A644B5E4C5F4D60-     db 128, 74, 100, 75, 94, 76, 95, 77, 96, 78, 177, 79, 153, 80, 163, 81, 100, 82, 101, 83
   483 00000C61 4EB14F9950A3516452-
   484 00000C6A 6553               
   485 00000C6C 66546755685669576A-     db 102, 84, 103, 85, 104, 86, 105, 87, 106, 88, 107, 89, 108, 90, 109, 91, 110, 92, 111, 93
   486 00000C75 586B596C5A6D5B6E5C-
   487 00000C7E 6F5D               
   488 00000C80 200E210F2210231124-     db 32, 14, 33, 15, 34, 16, 35, 17, 36, 18, 37, 19, 38, 20, 39, 21, 40, 22, 41, 23
   489 00000C89 122513261427152816-
   490 00000C92 2917               
   491 00000C94 2A182B192C1A2D1B2E-     db 42, 24, 43, 25, 44, 26, 45, 27, 46, 28, 47, 29, 48, 30, 111, 31, 105, 32, 100, 33
   492 00000C9D 1C2F1D301E6F1F6920-
   493 00000CA6 6421               
   494 00000CA8 8D22352376245A2546-     db 141, 34, 53, 35, 118, 36, 90, 37, 70, 38, 57, 39, 58, 40, 59, 41, 60, 42, 61, 43
   495 00000CB1 2639273A283B293C2A-
   496 00000CBA 3D2B               
   497 00000CBC 7E2C622D4E2E412F42-     db 126, 44, 98, 45, 78, 46, 65, 47, 66, 48, 67, 49, 68, 50, 69, 51, 70, 52, 71, 53
   498 00000CC5 304331443245334634-
   499 00000CCE 4735               
   500 00000CD0 483672374A384B394C-     db 72, 54, 114, 55, 74, 56, 75, 57, 76, 58, 77, 59, 78, 60, 79, 61, 80, 62, 81, 63
   501 00000CD9 3A4D3B4E3C4F3D503E-
   502 00000CE2 513F               
   503 00000CE4 604077415B42554356-     db 96, 64, 119, 65, 91, 66, 85, 67, 86, 68, 87, 69, 88, 70, 152, 71, 104, 72, 127, 73
   504 00000CED 445745584698476848-
   505 00000CF6 7F49               
   506 00000CF8 634A5D4BB74C964D62-     db 99, 74, 93, 75, 183, 76, 150, 77, 98, 78, 97, 79, 98, 80, 99, 81, 100, 82, 101, 83
   507 00000D01 4E614F625063516452-
   508 00000D0A 6553               
   509 00000D0C 66546755685669576A-     db 102, 84, 103, 85, 104, 86, 105, 87, 106, 88, 107, 89, 108, 90, 109, 91, 110, 92, 111, 93
   510 00000D15 586B596C5A6D5B6E5C-
   511 00000D1E 6F5D               
   512 00000D20 200E210F2210231124-     db 32, 14, 33, 15, 34, 16, 35, 17, 36, 18, 37, 19, 38, 20, 39, 21, 40, 22, 41, 23
   513 00000D29 122513261427152816-
   514 00000D32 2917               
   515 00000D34 2A182B192C1A2D1B2E-     db 42, 24, 43, 25, 44, 26, 45, 27, 46, 28, 47, 29, 48, 30, 49, 31, 50, 32, 113, 33
   516 00000D3D 1C2F1D301E311F3220-
   517 00000D46 7121               
   518 00000D48 4D2266238F24762578-     db 77, 34, 102, 35, 143, 36, 118, 37, 120, 38, 92, 39, 72, 40, 59, 41, 60, 42, 61, 43
   519 00000D51 265C2748283B293C2A-
   520 00000D5A 3D2B               
   521 00000D5C 3E2C7F2D632E4F2F42-     db 62, 44, 127, 45, 99, 46, 79, 47, 66, 48, 67, 49, 68, 50, 69, 51, 70, 52, 71, 53
   522 00000D65 304331443245334634-
   523 00000D6E 4735               
   524 00000D70 483672374A384B394C-     db 72, 54, 114, 55, 74, 56, 75, 57, 76, 58, 77, 59, 78, 60, 79, 61, 80, 62, 95, 63
   525 00000D79 3A4D3B4E3C4F3D503E-
   526 00000D82 5F3F               
   527 00000D84 76405A415442554356-     db 118, 64, 90, 65, 84, 66, 85, 67, 86, 68, 150, 69, 102, 70, 125, 71, 90, 72, 165, 73
   528 00000D8D 44964566467D475A48-
   529 00000D96 A549               
   530 00000D98 A34A944B604C5F4D60-     db 163, 74, 148, 75, 96, 76, 95, 77, 96, 78, 97, 79, 98, 80, 99, 81, 100, 82, 101, 83
   531 00000DA1 4E614F625063516452-
   532 00000DAA 6553               
   533 00000DAC 66546755685669576A-     db 102, 84, 103, 85, 104, 86, 105, 87, 106, 88, 107, 89, 108, 90, 109, 91, 110, 92, 111, 93
   534 00000DB5 586B596C5A6D5B6E5C-
   535 00000DBE 6F5D               
   536 00000DC0 200E210F2210231124-     db 32, 14, 33, 15, 34, 16, 35, 17, 36, 18, 37, 19, 38, 20, 39, 21, 40, 22, 41, 23
   537 00000DC9 122513261427152816-
   538 00000DD2 2917               
   539 00000DD4 2A182B192C1A2D1B2E-     db 42, 24, 43, 25, 44, 26, 45, 27, 46, 28, 47, 29, 48, 30, 49, 31, 50, 32, 51, 33
   540 00000DDD 1C2F1D301E311F3220-
   541 00000DE6 3321               
   542 00000DE8 34223523762450256F-     db 52, 34, 53, 35, 118, 36, 80, 37, 111, 38, 106, 39, 129, 40, 94, 41, 74, 42, 124, 43
   543 00000DF1 266A2781285E294A2A-
   544 00000DFA 7C2B               
   545 00000DFC 7D2C3F2D802E642F50-     db 125, 44, 63, 45, 128, 46, 100, 47, 80, 48, 67, 49, 68, 50, 69, 51, 70, 52, 71, 53
   546 00000E05 304331443245334634-
   547 00000E0E 4735               
   548 00000E10 483672374A384B394C-     db 72, 54, 114, 55, 74, 56, 75, 57, 76, 58, 77, 59, 78, 60, 79, 61, 94, 62, 117, 63
   549 00000E19 3A4D3B4E3C4F3D5E3E-
   550 00000E22 753F               
   551 00000E24 594053415442944364-     db 89, 64, 83, 65, 84, 66, 148, 67, 100, 68, 123, 69, 168, 70, 121, 71, 122, 72, 93, 73
   552 00000E2D 447B45A84679477A48-
   553 00000E36 5D49               
   554 00000E38 9C4A5D4B5E4C5F4D60-     db 156, 74, 93, 75, 94, 76, 95, 77, 96, 78, 97, 79, 98, 80, 99, 81, 100, 82, 101, 83
   555 00000E41 4E614F625063516452-
   556 00000E4A 6553               
   557 00000E4C 66546755685669576A-     db 102, 84, 103, 85, 104, 86, 105, 87, 106, 88, 107, 89, 108, 90, 109, 91, 110, 92, 111, 93
   558 00000E55 586B596C5A6D5B6E5C-
   559 00000E5E 6F5D               
   560 00000E60 200E210F2210231124-     db 32, 14, 33, 15, 34, 16, 35, 17, 36, 18, 37, 19, 38, 20, 39, 21, 40, 22, 41, 23
   561 00000E69 122513261427152816-
   562 00000E72 2917               
   563 00000E74 2A182B192C1A2D1B2E-     db 42, 24, 43, 25, 44, 26, 45, 27, 46, 28, 47, 29, 48, 30, 49, 31, 50, 32, 51, 33
   564 00000E7D 1C2F1D301E311F3220-
   565 00000E86 3321               
   566 00000E88 342235233624372538-     db 52, 34, 53, 35, 54, 36, 55, 37, 56, 38, 57, 39, 122, 40, 61, 41, 62, 42, 86, 43
   567 00000E91 2639277A283D293E2A-
   568 00000E9A 562B               
   569 00000E9C 752C702D712E882F89-     db 117, 44, 112, 45, 113, 46, 136, 47, 137, 48, 156, 49, 157, 50, 158, 51, 159, 52, 160, 53
   570 00000EA5 309C319D329E339F34-
   571 00000EAE A035               
   572 00000EB0 A1369037A338A439A5-     db 161, 54, 144, 55, 163, 56, 164, 57, 165, 58, 166, 59, 167, 60, 128, 61, 151, 62, 152, 63
   573 00000EB9 3AA63BA73C803D973E-
   574 00000EC2 983F               
   575 00000EC4 83408A4185427D4358-     db 131, 64, 138, 65, 133, 66, 125, 67, 88, 68, 89, 69, 88, 70, 89, 71, 90, 72, 91, 73
   576 00000ECD 445945584659475A48-
   577 00000ED6 5B49               
   578 00000ED8 5C4A5D4B5E4C5F4D60-     db 92, 74, 93, 75, 94, 76, 95, 77, 96, 78, 97, 79, 98, 80, 99, 81, 100, 82, 101, 83
   579 00000EE1 4E614F625063516452-
   580 00000EEA 6553               
   581 00000EEC 66546755685669576A-     db 102, 84, 103, 85, 104, 86, 105, 87, 106, 88, 107, 89, 108, 90, 109, 91, 110, 92, 111, 93
   582 00000EF5 586B596C5A6D5B6E5C-
   583 00000EFE 6F5D               
   584                                  
   585 00000F00 0A                      cr:  db 0ah  ;;; carriage return character
   586 00000F01 00000000                offset: dd 0
   587 00000F05 00000000                curr: dd 0
   588 00000F09 00000000                tmp : dd 0
   589                                  
   590                                  SECTION .text
   591                                  global _main, _printfn, _printCar
   592                                  _main:
   593                                  
   594 00000000 B918000000              	mov ecx, 24 ;number of rows	
   595                                  
   596                                  	out_loop:
   597 00000005 51                      		push ecx ;outer loop storage								;PUSH 1
   598 00000006 BB[00000000]            		mov ebx, surprise ;pointer to beginning of surprise
   599 0000000B B950000000              		mov ecx, 80 ;number of characters in each row
   600                                  		
   601                                  		in_loop:
   602                                  				
   603 00000010 E82E000000              		call _printfn
   604 00000015 8305[010F0000]02        		add dword [offset], 2		
   605 0000001C 8305[050F0000]01        		add dword [curr], 1		
   606                                  
   607 00000023 E2EB                    		loop in_loop
   608                                  		
   609 00000025 C705[050F0000]0000-     		mov dword [curr], 0
   610 0000002D 0000               
   611 0000002F E837000000              		call _printCar	;print carriage return character
   612 00000034 59                      		pop ecx														;POP 1
   613                                  				
   614 00000035 E2CE                    	loop out_loop
   615                                  
   616                                  done:
   617                                  
   618 00000037 B801000000              mov eax, 1
   619 0000003C BB00000000              mov ebx, 0
   620 00000041 CD80                    int 80h
   621                                  
   622                                  _printfn:
   623 00000043 60                      	pusha ;store all current registers
   624 00000044 B804000000              	mov eax, 4
   625 00000049 BB01000000              	mov ebx, 1
   626 0000004E B9[00000000]            	mov ecx, surprise
   627 00000053 030D[010F0000]          	add ecx, [offset]
   628                                  
   629 00000059 50                      	push eax
   630 0000005A A1[050F0000]            	mov eax, [curr]
   631 0000005F 2901                    	sub [ecx], eax
   632 00000061 58                      	pop eax
   633                                  
   634 00000062 BA01000000              	mov edx, 1
   635 00000067 CD80                    	int 80h
   636 00000069 61                      	popa ;restore all current registers
   637 0000006A C3                      	ret
   638                                  
   639                                  
   640                                  _printCar:
   641 0000006B 60                      	pusha
   642 0000006C B804000000              	mov eax, 4
   643 00000071 BB01000000              	mov ebx, 1
   644 00000076 B9[000F0000]            	mov ecx, cr
   645 0000007B BA01000000              	mov edx, 1
   646 00000080 CD80                    	int 80h
   647 00000082 61                      	popa
   648 00000083 C3                      	ret
   649                                  
   650                                  
   651                                  
   652                                  
   653                                  
   654                                  
   655                                  
   656                                  
   657                                  
   658                                  
   659                                  
   660                                  
   661                                  
   662                                  
   663                                  
